#
# A fatal error has been detected by the Java Runtime Environment:
#
#  Internal Error (javaClasses.cpp:136), pid=6344, tid=3128
#  fatal error: Invalid layout of preloaded class
#
# JRE version:  (7.0_45-b18) (build )
# Java VM: Java HotSpot(TM) 64-Bit Server VM (24.45-b08 mixed mode windows-amd64 compressed oops)
# Failed to write core dump. Minidumps are not enabled by default on client versions of Windows
#
# If you would like to submit a bug report, please visit:
#   http://bugreport.sun.com/bugreport/crash.jsp
#

---------------  T H R E A D  ---------------

Current thread (0x0000000002100800):  JavaThread "Unknown thread" [_thread_in_vm, id=3128, stack(0x0000000001fd0000,0x00000000020d0000)]

Stack: [0x0000000001fd0000,0x00000000020d0000]

---------------  P R O C E S S  ---------------

Java Threads: ( => current thread )

Other Threads:

=>0x0000000002100800 (exited) JavaThread "Unknown thread" [_thread_in_vm, id=3128, stack(0x0000000001fd0000,0x00000000020d0000)]

VM state:not at safepoint (not fully initialized)

VM Mutex/Monitor currently owned by a thread: None

GC Heap History (0 events):
No events

Deoptimization events (0 events):
No events

Internal exceptions (0 events):
No events

Events (10 events):
Event: 0.012 loading class 0x0000000002144e10 done
Event: 0.012 loading class 0x0000000002144830 done
Event: 0.012 loading class 0x0000000002144810
Event: 0.012 loading class 0x000000000214c910
Event: 0.012 loading class 0x000000000214c910 done
Event: 0.012 loading class 0x000000000214c940
Event: 0.012 loading class 0x000000000214c940 done
Event: 0.012 loading class 0x000000000214c970
Event: 0.012 loading class 0x000000000214c970 done
Event: 0.013 loading class 0x0000000002144810 done


Dynamic libraries:
0x000007f70d9c0000 - 0x000007f70d9f3000 	C:\Program Files\Java\jre7\bin\javaw.exe
0x000007fd3eaa0000 - 0x000007fd3ec60000 	C:\Windows\SYSTEM32\ntdll.dll
0x000007fd3e460000 - 0x000007fd3e596000 	C:\Windows\system32\KERNEL32.DLL
0x000007fd3ba20000 - 0x000007fd3bb13000 	C:\Windows\system32\KERNELBASE.dll
0x000007fd3e620000 - 0x000007fd3e6fe000 	C:\Windows\system32\ADVAPI32.dll
0x000007fd3bf30000 - 0x000007fd3c07c000 	C:\Windows\system32\USER32.dll
0x000007fd38c30000 - 0x000007fd38e9a000 	C:\Windows\WinSxS\amd64_microsoft.windows.common-controls_6595b64144ccf1df_6.0.9200.16579_none_418ab7ef718b27ef\COMCTL32.dll
0x000007fd3e9f0000 - 0x000007fd3ea95000 	C:\Windows\system32\msvcrt.dll
0x000007fd3c2f0000 - 0x000007fd3c338000 	C:\Windows\SYSTEM32\sechost.dll
0x000007fd3dfb0000 - 0x000007fd3e0f5000 	C:\Windows\system32\RPCRT4.dll
0x000007fd3c670000 - 0x000007fd3c7b1000 	C:\Windows\system32\GDI32.dll
0x000007fd3c2b0000 - 0x000007fd3c2e9000 	C:\Windows\system32\IMM32.DLL
0x000007fd3e100000 - 0x000007fd3e216000 	C:\Windows\system32\MSCTF.dll
0x0000000061d60000 - 0x0000000061e32000 	C:\Program Files\Java\jre7\bin\msvcr100.dll
0x0000000061510000 - 0x0000000061cd9000 	C:\Program Files\Java\jre7\bin\server\jvm.dll
0x000007fd357d0000 - 0x000007fd357d9000 	C:\Windows\SYSTEM32\WSOCK32.dll
0x000007fd39fb0000 - 0x000007fd39fd0000 	C:\Windows\SYSTEM32\WINMM.dll
0x000007fd3e450000 - 0x000007fd3e457000 	C:\Windows\system32\PSAPI.DLL
0x000007fd3e220000 - 0x000007fd3e278000 	C:\Windows\system32\WS2_32.dll
0x000007fd39f70000 - 0x000007fd39fa3000 	C:\Windows\SYSTEM32\WINMMBASE.dll
0x000007fd3c7c0000 - 0x000007fd3c7c9000 	C:\Windows\system32\NSI.dll
0x000007fd3bd90000 - 0x000007fd3bddf000 	C:\Windows\SYSTEM32\cfgmgr32.dll
0x000007fd3bd60000 - 0x000007fd3bd82000 	C:\Windows\system32\DEVOBJ.dll
0x0000000061500000 - 0x000000006150f000 	C:\Program Files\Java\jre7\bin\verify.dll
0x00000000614d0000 - 0x00000000614f8000 	C:\Program Files\Java\jre7\bin\java.dll
0x00000000614b0000 - 0x00000000614c5000 	C:\Program Files\Java\jre7\bin\zip.dll

VM Arguments:
jvm_args: -Dfile.encoding=Cp1252 -Xbootclasspath:C:\Program Files\ADT\sdk\platforms\android-15\android.jar;C:\Program Files\ADT\sdk\add-ons\addon-google_apis-google-15\libs\effects.jar;C:\Program Files\ADT\sdk\add-ons\addon-google_apis-google-15\libs\usb.jar;C:\Program Files\ADT\sdk\add-ons\addon-google_apis-google-15\libs\maps.jar 
java_command: nl.isld.databees.connection.JSONParser
Launcher Type: SUN_STANDARD

Environment Variables:
PATH=C:\Windows\system32;C:\Windows;C:\Windows\System32\Wbem;C:\Windows\System32\WindowsPowerShell\v1.0\;C:\Program Files (x86)\Hewlett-Packard\HP ProtectTools Security Manager\Bin\
USERNAME=Suraj
OS=Windows_NT
PROCESSOR_IDENTIFIER=Intel64 Family 6 Model 42 Stepping 7, GenuineIntel



---------------  S Y S T E M  ---------------

OS: Windows 8 , 64 bit Build 9200 

CPU:total 4 (2 cores per cpu, 2 threads per core) family 6 model 42 stepping 7, cmov, cx8, fxsr, mmx, sse, sse2, sse3, ssse3, sse4.1, sse4.2, popcnt, avx, ht, tsc, tscinvbit

Memory: 4k page, physical 8296812k(5156796k free), swap 9541996k(6002116k free)

vm_info: Java HotSpot(TM) 64-Bit Server VM (24.45-b08) for windows-amd64 JRE (1.7.0_45-b18), built on Oct  8 2013 05:47:22 by "java_re" with unknown MS VC++:1600

time: Thu Jan 23 13:32:39 2014
elapsed time: 0 seconds

